# JRE version: OpenJDK Runtime Environment (8.0_152-b06) (build 1.8.0_152-release-1136-b06)
# Java VM: OpenJDK 64-Bit Server VM (25.152-b06 mixed mode bsd-amd64 compressed oops)
Heap:
 PSYoungGen      total 384512K, used 0K [0x00000007a0000000, 0x00000007bf580000, 0x00000007c0000000)
  eden space 263680K, 0% used [0x00000007a0000000,0x00000007a0000000,0x00000007b0180000)
  from space 120832K, 0% used [0x00000007b7f80000,0x00000007b7f80000,0x00000007bf580000)
  to   space 124928K, 0% used [0x00000007b0180000,0x00000007b0180000,0x00000007b7b80000)
 ParOldGen       total 284672K, used 92258K [0x0000000760000000, 0x0000000771600000, 0x00000007a0000000)
  object space 284672K, 32% used [0x0000000760000000,0x0000000765a18978,0x0000000771600000)
 Metaspace       used 162573K, capacity 168548K, committed 221952K, reserved 1243136K
  class space    used 20409K, capacity 21627K, committed 28928K, reserved 1048576K
GC Heap History (10 events):
Event: 2921.163 GC heap after
Heap after GC invocations=38 (full 6):
 PSYoungGen      total 384000K, used 85129K [0x00000007a0000000, 0x00000007c0000000, 0x00000007c0000000)
  eden space 253440K, 0% used [0x00000007a0000000,0x00000007a0000000,0x00000007af780000)
  from space 130560K, 65% used [0x00000007b7a00000,0x00000007bcd22440,0x00000007bf980000)
  to   space 133632K, 0% used [0x00000007af780000,0x00000007af780000,0x00000007b7a00000)
 ParOldGen       total 284672K, used 142225K [0x0000000760000000, 0x0000000771600000, 0x00000007a0000000)
  object space 284672K, 49% used [0x0000000760000000,0x0000000768ae4480,0x0000000771600000)
 Metaspace       used 190994K, capacity 197564K, committed 197760K, reserved 1220608K
  class space    used 24220K, capacity 25565K, committed 25728K, reserved 1048576K
}
Event: 3002.796 GC heap before
{Heap before GC invocations=39 (full 6):
 PSYoungGen      total 384000K, used 338569K [0x00000007a0000000, 0x00000007c0000000, 0x00000007c0000000)
  eden space 253440K, 100% used [0x00000007a0000000,0x00000007af780000,0x00000007af780000)
  from space 130560K, 65% used [0x00000007b7a00000,0x00000007bcd22440,0x00000007bf980000)
  to   space 133632K, 0% used [0x00000007af780000,0x00000007af780000,0x00000007b7a00000)
 ParOldGen       total 284672K, used 142225K [0x0000000760000000, 0x0000000771600000, 0x00000007a0000000)
  object space 284672K, 49% used [0x0000000760000000,0x0000000768ae4480,0x0000000771600000)
 Metaspace       used 191715K, capacity 198464K, committed 198656K, reserved 1222656K
  class space    used 24297K, capacity 25677K, committed 25856K, reserved 1048576K
Event: 3002.879 GC heap after
Heap after GC invocations=39 (full 6):
 PSYoungGen      total 387072K, used 40186K [0x00000007a0000000, 0x00000007bfb00000, 0x00000007c0000000)
  eden space 253440K, 0% used [0x00000007a0000000,0x00000007a0000000,0x00000007af780000)
  from space 133632K, 30% used [0x00000007af780000,0x00000007b1ebeb38,0x00000007b7a00000)
  to   space 129536K, 0% used [0x00000007b7c80000,0x00000007b7c80000,0x00000007bfb00000)
 ParOldGen       total 284672K, used 165967K [0x0000000760000000, 0x0000000771600000, 0x00000007a0000000)
  object space 284672K, 58% used [0x0000000760000000,0x000000076a213d88,0x0000000771600000)
 Metaspace       used 191715K, capacity 198464K, committed 198656K, reserved 1222656K
  class space    used 24297K, capacity 25677K, committed 25856K, reserved 1048576K
}
Event: 3005.818 GC heap before
{Heap before GC invocations=40 (full 6):
 PSYoungGen      total 387072K, used 293626K [0x00000007a0000000, 0x00000007bfb00000, 0x00000007c0000000)
  eden space 253440K, 100% used [0x00000007a0000000,0x00000007af780000,0x00000007af780000)
  from space 133632K, 30% used [0x00000007af780000,0x00000007b1ebeb38,0x00000007b7a00000)
  to   space 129536K, 0% used [0x00000007b7c80000,0x00000007b7c80000,0x00000007bfb00000)
 ParOldGen       total 284672K, used 165967K [0x0000000760000000, 0x0000000771600000, 0x00000007a0000000)
  object space 284672K, 58% used [0x0000000760000000,0x000000076a213d88,0x0000000771600000)
 Metaspace       used 208422K, capacity 215768K, committed 216064K, reserved 1236992K
  class space    used 26562K, capacity 28047K, committed 28160K, reserved 1048576K
Event: 3005.986 GC heap after
Heap after GC invocations=40 (full 6):
 PSYoungGen      total 388096K, used 81819K [0x00000007a0000000, 0x00000007bff00000, 0x00000007c0000000)
  eden space 258560K, 0% used [0x00000007a0000000,0x00000007a0000000,0x00000007afc80000)
  from space 129536K, 63% used [0x00000007b7c80000,0x00000007bcc66ec8,0x00000007bfb00000)
  to   space 131072K, 0% used [0x00000007afc80000,0x00000007afc80000,0x00000007b7c80000)
 ParOldGen       total 284672K, used 204144K [0x0000000760000000, 0x0000000771600000, 0x00000007a0000000)
  object space 284672K, 71% used [0x0000000760000000,0x000000076c75c1e0,0x0000000771600000)
 Metaspace       used 208422K, capacity 215768K, committed 216064K, reserved 1236992K
  class space    used 26562K, capacity 28047K, committed 28160K, reserved 1048576K
}
Event: 5627.562 GC heap before
{Heap before GC invocations=41 (full 6):
 PSYoungGen      total 388096K, used 340379K [0x00000007a0000000, 0x00000007bff00000, 0x00000007c0000000)
  eden space 258560K, 100% used [0x00000007a0000000,0x00000007afc80000,0x00000007afc80000)
  from space 129536K, 63% used [0x00000007b7c80000,0x00000007bcc66ec8,0x00000007bfb00000)
  to   space 131072K, 0% used [0x00000007afc80000,0x00000007afc80000,0x00000007b7c80000)
 ParOldGen       total 284672K, used 204144K [0x0000000760000000, 0x0000000771600000, 0x00000007a0000000)
  object space 284672K, 71% used [0x0000000760000000,0x000000076c75c1e0,0x0000000771600000)
 Metaspace       used 208469K, capacity 215774K, committed 216064K, reserved 1236992K
  class space    used 26563K, capacity 28048K, committed 28160K, reserved 1048576K
Event: 5628.103 GC heap after
Heap after GC invocations=41 (full 6):
 PSYoungGen      total 389632K, used 30269K [0x00000007a0000000, 0x00000007bfd80000, 0x00000007c0000000)
  eden space 258560K, 0% used [0x00000007a0000000,0x00000007a0000000,0x00000007afc80000)
  from space 131072K, 23% used [0x00000007afc80000,0x00000007b1a0f670,0x00000007b7c80000)
  to   space 129024K, 0% used [0x00000007b7f80000,0x00000007b7f80000,0x00000007bfd80000)
 ParOldGen       total 284672K, used 224949K [0x0000000760000000, 0x0000000771600000, 0x00000007a0000000)
  object space 284672K, 79% used [0x0000000760000000,0x000000076dbad738,0x0000000771600000)
 Metaspace       used 208469K, capacity 215774K, committed 216064K, reserved 1236992K
  class space    used 26563K, capacity 28048K, committed 28160K, reserved 1048576K
}
Event: 6429.552 GC heap before
{Heap before GC invocations=42 (full 6):
 PSYoungGen      total 389632K, used 260572K [0x00000007a0000000, 0x00000007bfd80000, 0x00000007c0000000)
  eden space 258560K, 89% used [0x00000007a0000000,0x00000007ae0e7b18,0x00000007afc80000)
  from space 131072K, 23% used [0x00000007afc80000,0x00000007b1a0f670,0x00000007b7c80000)
  to   space 129024K, 0% used [0x00000007b7f80000,0x00000007b7f80000,0x00000007bfd80000)
 ParOldGen       total 284672K, used 224949K [0x0000000760000000, 0x0000000771600000, 0x00000007a0000000)
  object space 284672K, 79% used [0x0000000760000000,0x000000076dbad738,0x0000000771600000)
 Metaspace       used 214095K, capacity 221554K, committed 221952K, reserved 1243136K
  class space    used 27263K, capacity 28780K, committed 28928K, reserved 1048576K
Event: 6429.815 GC heap after
Heap after GC invocations=42 (full 6):
 PSYoungGen      total 384512K, used 39547K [0x00000007a0000000, 0x00000007bf580000, 0x00000007c0000000)
  eden space 263680K, 0% used [0x00000007a0000000,0x00000007a0000000,0x00000007b0180000)
  from space 120832K, 32% used [0x00000007b7f80000,0x00000007ba61ee70,0x00000007bf580000)
  to   space 124928K, 0% used [0x00000007b0180000,0x00000007b0180000,0x00000007b7b80000)
 ParOldGen       total 284672K, used 254838K [0x0000000760000000, 0x0000000771600000, 0x00000007a0000000)
  object space 284672K, 89% used [0x0000000760000000,0x000000076f8ddb68,0x0000000771600000)
 Metaspace       used 214095K, capacity 221554K, committed 221952K, reserved 1243136K
  class space    used 27263K, capacity 28780K, committed 28928K, reserved 1048576K
}
Event: 6429.815 GC heap before
{Heap before GC invocations=43 (full 7):
 PSYoungGen      total 384512K, used 39547K [0x00000007a0000000, 0x00000007bf580000, 0x00000007c0000000)
  eden space 263680K, 0% used [0x00000007a0000000,0x00000007a0000000,0x00000007b0180000)
  from space 120832K, 32% used [0x00000007b7f80000,0x00000007ba61ee70,0x00000007bf580000)
  to   space 124928K, 0% used [0x00000007b0180000,0x00000007b0180000,0x00000007b7b80000)
 ParOldGen       total 284672K, used 254838K [0x0000000760000000, 0x0000000771600000, 0x00000007a0000000)
  object space 284672K, 89% used [0x0000000760000000,0x000000076f8ddb68,0x0000000771600000)
 Metaspace       used 214095K, capacity 221554K, committed 221952K, reserved 1243136K
  class space    used 27263K, capacity 28780K, committed 28928K, reserved 1048576K

