# JRE version: OpenJDK Runtime Environment (8.0_152-b06) (build 1.8.0_152-release-1136-b06)
# Java VM: OpenJDK 64-Bit Server VM (25.152-b06 mixed mode bsd-amd64 compressed oops)
Heap:
 PSYoungGen      total 423424K, used 238244K [0x00000007a0000000, 0x00000007bf580000, 0x00000007c0000000)
  eden space 347648K, 65% used [0x00000007a0000000,0x00000007adef8ce0,0x00000007b5380000)
  from space 75776K, 13% used [0x00000007bab80000,0x00000007bb5303b0,0x00000007bf580000)
  to   space 82944K, 0% used [0x00000007b5380000,0x00000007b5380000,0x00000007ba480000)
 ParOldGen       total 283648K, used 69169K [0x0000000760000000, 0x0000000771500000, 0x00000007a0000000)
  object space 283648K, 24% used [0x0000000760000000,0x000000076438c4b8,0x0000000771500000)
 Metaspace       used 107128K, capacity 113736K, committed 114520K, reserved 1148928K
  class space    used 12963K, capacity 14056K, committed 14208K, reserved 1048576K
GC Heap History (10 events):
Event: 15518.423 GC heap before
{Heap before GC invocations=126 (full 9):
 PSYoungGen      total 441344K, used 382436K [0x00000007a0000000, 0x00000007bf900000, 0x00000007c0000000)
  eden space 373760K, 100% used [0x00000007a0000000,0x00000007b6d00000,0x00000007b6d00000)
  from space 67584K, 12% used [0x00000007bb700000,0x00000007bbf79130,0x00000007bf900000)
  to   space 71680K, 0% used [0x00000007b6d00000,0x00000007b6d00000,0x00000007bb300000)
 ParOldGen       total 289280K, used 224914K [0x0000000760000000, 0x0000000771a80000, 0x00000007a0000000)
  object space 289280K, 77% used [0x0000000760000000,0x000000076dba4a58,0x0000000771a80000)
 Metaspace       used 106951K, capacity 113464K, committed 114264K, reserved 1148928K
  class space    used 12951K, capacity 14034K, committed 14208K, reserved 1048576K
Event: 15518.648 GC heap after
Heap after GC invocations=126 (full 9):
 PSYoungGen      total 445440K, used 71652K [0x00000007a0000000, 0x00000007c0000000, 0x00000007c0000000)
  eden space 373760K, 0% used [0x00000007a0000000,0x00000007a0000000,0x00000007b6d00000)
  from space 71680K, 99% used [0x00000007b6d00000,0x00000007bb2f92f0,0x00000007bb300000)
  to   space 78848K, 0% used [0x00000007bb300000,0x00000007bb300000,0x00000007c0000000)
 ParOldGen       total 289280K, used 241860K [0x0000000760000000, 0x0000000771a80000, 0x00000007a0000000)
  object space 289280K, 83% used [0x0000000760000000,0x000000076ec31190,0x0000000771a80000)
 Metaspace       used 106951K, capacity 113464K, committed 114264K, reserved 1148928K
  class space    used 12951K, capacity 14034K, committed 14208K, reserved 1048576K
}
Event: 15520.230 GC heap before
{Heap before GC invocations=127 (full 9):
 PSYoungGen      total 445440K, used 445403K [0x00000007a0000000, 0x00000007c0000000, 0x00000007c0000000)
  eden space 373760K, 99% used [0x00000007a0000000,0x00000007b6cfdb30,0x00000007b6d00000)
  from space 71680K, 99% used [0x00000007b6d00000,0x00000007bb2f92f0,0x00000007bb300000)
  to   space 78848K, 0% used [0x00000007bb300000,0x00000007bb300000,0x00000007c0000000)
 ParOldGen       total 289280K, used 241860K [0x0000000760000000, 0x0000000771a80000, 0x00000007a0000000)
  object space 289280K, 83% used [0x0000000760000000,0x000000076ec31190,0x0000000771a80000)
 Metaspace       used 106961K, capacity 113464K, committed 114264K, reserved 1148928K
  class space    used 12951K, capacity 14034K, committed 14208K, reserved 1048576K
Event: 15520.453 GC heap after
Heap after GC invocations=127 (full 9):
 PSYoungGen      total 422912K, used 1270K [0x00000007a0000000, 0x00000007c0000000, 0x00000007c0000000)
  eden space 344064K, 0% used [0x00000007a0000000,0x00000007a0000000,0x00000007b5000000)
  from space 78848K, 1% used [0x00000007bb300000,0x00000007bb43d830,0x00000007c0000000)
  to   space 90112K, 0% used [0x00000007b5000000,0x00000007b5000000,0x00000007ba800000)
 ParOldGen       total 289280K, used 288037K [0x0000000760000000, 0x0000000771a80000, 0x00000007a0000000)
  object space 289280K, 99% used [0x0000000760000000,0x0000000771949798,0x0000000771a80000)
 Metaspace       used 106961K, capacity 113464K, committed 114264K, reserved 1148928K
  class space    used 12951K, capacity 14034K, committed 14208K, reserved 1048576K
}
Event: 15520.453 GC heap before
{Heap before GC invocations=128 (full 10):
 PSYoungGen      total 422912K, used 1270K [0x00000007a0000000, 0x00000007c0000000, 0x00000007c0000000)
  eden space 344064K, 0% used [0x00000007a0000000,0x00000007a0000000,0x00000007b5000000)
  from space 78848K, 1% used [0x00000007bb300000,0x00000007bb43d830,0x00000007c0000000)
  to   space 90112K, 0% used [0x00000007b5000000,0x00000007b5000000,0x00000007ba800000)
 ParOldGen       total 289280K, used 288037K [0x0000000760000000, 0x0000000771a80000, 0x00000007a0000000)
  object space 289280K, 99% used [0x0000000760000000,0x0000000771949798,0x0000000771a80000)
 Metaspace       used 106961K, capacity 113464K, committed 114264K, reserved 1148928K
  class space    used 12951K, capacity 14034K, committed 14208K, reserved 1048576K
Event: 15520.904 GC heap after
Heap after GC invocations=128 (full 10):
 PSYoungGen      total 422912K, used 0K [0x00000007a0000000, 0x00000007c0000000, 0x00000007c0000000)
  eden space 344064K, 0% used [0x00000007a0000000,0x00000007a0000000,0x00000007b5000000)
  from space 78848K, 0% used [0x00000007bb300000,0x00000007bb300000,0x00000007c0000000)
  to   space 90112K, 0% used [0x00000007b5000000,0x00000007b5000000,0x00000007ba800000)
 ParOldGen       total 283648K, used 68739K [0x0000000760000000, 0x0000000771500000, 0x00000007a0000000)
  object space 283648K, 24% used [0x0000000760000000,0x0000000764320cd0,0x0000000771500000)
 Metaspace       used 106961K, capacity 113464K, committed 114264K, reserved 1148928K
  class space    used 12951K, capacity 14034K, committed 14208K, reserved 1048576K
}
Event: 15583.870 GC heap before
{Heap before GC invocations=129 (full 10):
 PSYoungGen      total 422912K, used 344064K [0x00000007a0000000, 0x00000007c0000000, 0x00000007c0000000)
  eden space 344064K, 100% used [0x00000007a0000000,0x00000007b5000000,0x00000007b5000000)
  from space 78848K, 0% used [0x00000007bb300000,0x00000007bb300000,0x00000007c0000000)
  to   space 90112K, 0% used [0x00000007b5000000,0x00000007b5000000,0x00000007ba800000)
 ParOldGen       total 283648K, used 68739K [0x0000000760000000, 0x0000000771500000, 0x00000007a0000000)
  object space 283648K, 24% used [0x0000000760000000,0x0000000764320cd0,0x0000000771500000)
 Metaspace       used 106983K, capacity 113464K, committed 114264K, reserved 1148928K
  class space    used 12951K, capacity 14034K, committed 14208K, reserved 1048576K
Event: 15583.879 GC heap after
Heap after GC invocations=129 (full 10):
 PSYoungGen      total 434176K, used 6247K [0x00000007a0000000, 0x00000007c0000000, 0x00000007c0000000)
  eden space 344064K, 0% used [0x00000007a0000000,0x00000007a0000000,0x00000007b5000000)
  from space 90112K, 6% used [0x00000007b5000000,0x00000007b5619f50,0x00000007ba800000)
  to   space 86528K, 0% used [0x00000007bab80000,0x00000007bab80000,0x00000007c0000000)
 ParOldGen       total 283648K, used 68747K [0x0000000760000000, 0x0000000771500000, 0x00000007a0000000)
  object space 283648K, 24% used [0x0000000760000000,0x0000000764322cd0,0x0000000771500000)
 Metaspace       used 106983K, capacity 113464K, committed 114264K, reserved 1148928K
  class space    used 12951K, capacity 14034K, committed 14208K, reserved 1048576K
}
Event: 15759.578 GC heap before
{Heap before GC invocations=130 (full 10):
 PSYoungGen      total 434176K, used 350311K [0x00000007a0000000, 0x00000007c0000000, 0x00000007c0000000)
  eden space 344064K, 100% used [0x00000007a0000000,0x00000007b5000000,0x00000007b5000000)
  from space 90112K, 6% used [0x00000007b5000000,0x00000007b5619f50,0x00000007ba800000)
  to   space 86528K, 0% used [0x00000007bab80000,0x00000007bab80000,0x00000007c0000000)
 ParOldGen       total 283648K, used 68747K [0x0000000760000000, 0x0000000771500000, 0x00000007a0000000)
  object space 283648K, 24% used [0x0000000760000000,0x0000000764322cd0,0x0000000771500000)
 Metaspace       used 107081K, capacity 113672K, committed 114264K, reserved 1148928K
  class space    used 12963K, capacity 14056K, committed 14208K, reserved 1048576K
Event: 15759.832 GC heap after
Heap after GC invocations=130 (full 10):
 PSYoungGen      total 423424K, used 9920K [0x00000007a0000000, 0x00000007bf580000, 0x00000007c0000000)
  eden space 347648K, 0% used [0x00000007a0000000,0x00000007a0000000,0x00000007b5380000)
  from space 75776K, 13% used [0x00000007bab80000,0x00000007bb5303b0,0x00000007bf580000)
  to   space 82944K, 0% used [0x00000007b5380000,0x00000007b5380000,0x00000007ba480000)
 ParOldGen       total 283648K, used 69169K [0x0000000760000000, 0x0000000771500000, 0x00000007a0000000)
  object space 283648K, 24% used [0x0000000760000000,0x000000076438c4b8,0x0000000771500000)
 Metaspace       used 107081K, capacity 113672K, committed 114264K, reserved 1148928K
  class space    used 12963K, capacity 14056K, committed 14208K, reserved 1048576K
}

