# JRE version: OpenJDK Runtime Environment (8.0_152-b06) (build 1.8.0_152-release-1136-b06)
# Java VM: OpenJDK 64-Bit Server VM (25.152-b06 mixed mode bsd-amd64 compressed oops)
Heap:
 PSYoungGen      total 123904K, used 11390K [0x00000007a0000000, 0x00000007a9300000, 0x00000007c0000000)
  eden space 100352K, 11% used [0x00000007a0000000,0x00000007a0b1fb68,0x00000007a6200000)
  from space 23552K, 0% used [0x00000007a7a00000,0x00000007a7a00000,0x00000007a9100000)
  to   space 24576K, 0% used [0x00000007a6200000,0x00000007a6200000,0x00000007a7a00000)
 ParOldGen       total 112128K, used 12519K [0x0000000760000000, 0x0000000766d80000, 0x00000007a0000000)
  object space 112128K, 11% used [0x0000000760000000,0x0000000760c39de0,0x0000000766d80000)
 Metaspace       used 51711K, capacity 52622K, committed 53544K, reserved 1095680K
  class space    used 6340K, capacity 6578K, committed 6696K, reserved 1048576K
GC Heap History (10 events):
Event: 6.439 GC heap before
{Heap before GC invocations=10 (full 3):
 PSYoungGen      total 61440K, used 56320K [0x00000007a0000000, 0x00000007a7d00000, 0x00000007c0000000)
  eden space 56320K, 100% used [0x00000007a0000000,0x00000007a3700000,0x00000007a3700000)
  from space 5120K, 0% used [0x00000007a4680000,0x00000007a4680000,0x00000007a4b80000)
  to   space 15872K, 0% used [0x00000007a3700000,0x00000007a3700000,0x00000007a4680000)
 ParOldGen       total 112128K, used 15946K [0x0000000760000000, 0x0000000766d80000, 0x00000007a0000000)
  object space 112128K, 14% used [0x0000000760000000,0x0000000760f92a78,0x0000000766d80000)
 Metaspace       used 39257K, capacity 39923K, committed 40488K, reserved 1085440K
  class space    used 4926K, capacity 5094K, committed 5160K, reserved 1048576K
Event: 6.453 GC heap after
Heap after GC invocations=10 (full 3):
 PSYoungGen      total 72192K, used 11348K [0x00000007a0000000, 0x00000007a6b80000, 0x00000007c0000000)
  eden space 56320K, 0% used [0x00000007a0000000,0x00000007a0000000,0x00000007a3700000)
  from space 15872K, 71% used [0x00000007a3700000,0x00000007a42150c8,0x00000007a4680000)
  to   space 15872K, 0% used [0x00000007a5c00000,0x00000007a5c00000,0x00000007a6b80000)
 ParOldGen       total 112128K, used 15954K [0x0000000760000000, 0x0000000766d80000, 0x00000007a0000000)
  object space 112128K, 14% used [0x0000000760000000,0x0000000760f94a78,0x0000000766d80000)
 Metaspace       used 39257K, capacity 39923K, committed 40488K, reserved 1085440K
  class space    used 4926K, capacity 5094K, committed 5160K, reserved 1048576K
}
Event: 7.484 GC heap before
{Heap before GC invocations=11 (full 3):
 PSYoungGen      total 72192K, used 67668K [0x00000007a0000000, 0x00000007a6b80000, 0x00000007c0000000)
  eden space 56320K, 100% used [0x00000007a0000000,0x00000007a3700000,0x00000007a3700000)
  from space 15872K, 71% used [0x00000007a3700000,0x00000007a42150c8,0x00000007a4680000)
  to   space 15872K, 0% used [0x00000007a5c00000,0x00000007a5c00000,0x00000007a6b80000)
 ParOldGen       total 112128K, used 15954K [0x0000000760000000, 0x0000000766d80000, 0x00000007a0000000)
  object space 112128K, 14% used [0x0000000760000000,0x0000000760f94a78,0x0000000766d80000)
 Metaspace       used 42624K, capacity 43324K, committed 43688K, reserved 1087488K
  class space    used 5323K, capacity 5505K, committed 5544K, reserved 1048576K
Event: 7.506 GC heap after
Heap after GC invocations=11 (full 3):
 PSYoungGen      total 91648K, used 15855K [0x00000007a0000000, 0x00000007a7100000, 0x00000007c0000000)
  eden space 75776K, 0% used [0x00000007a0000000,0x00000007a0000000,0x00000007a4a00000)
  from space 15872K, 99% used [0x00000007a5c00000,0x00000007a6b7bca0,0x00000007a6b80000)
  to   space 18432K, 0% used [0x00000007a4a00000,0x00000007a4a00000,0x00000007a5c00000)
 ParOldGen       total 112128K, used 16226K [0x0000000760000000, 0x0000000766d80000, 0x00000007a0000000)
  object space 112128K, 14% used [0x0000000760000000,0x0000000760fd8ad8,0x0000000766d80000)
 Metaspace       used 42624K, capacity 43324K, committed 43688K, reserved 1087488K
  class space    used 5323K, capacity 5505K, committed 5544K, reserved 1048576K
}
Event: 3284.328 GC heap before
{Heap before GC invocations=12 (full 3):
 PSYoungGen      total 91648K, used 91631K [0x00000007a0000000, 0x00000007a7100000, 0x00000007c0000000)
  eden space 75776K, 100% used [0x00000007a0000000,0x00000007a4a00000,0x00000007a4a00000)
  from space 15872K, 99% used [0x00000007a5c00000,0x00000007a6b7bca0,0x00000007a6b80000)
  to   space 18432K, 0% used [0x00000007a4a00000,0x00000007a4a00000,0x00000007a5c00000)
 ParOldGen       total 112128K, used 16226K [0x0000000760000000, 0x0000000766d80000, 0x00000007a0000000)
  object space 112128K, 14% used [0x0000000760000000,0x0000000760fd8ad8,0x0000000766d80000)
 Metaspace       used 52008K, capacity 53024K, committed 53544K, reserved 1095680K
  class space    used 6393K, capacity 6665K, committed 6696K, reserved 1048576K
Event: 3284.862 GC heap after
Heap after GC invocations=12 (full 3):
 PSYoungGen      total 94208K, used 18406K [0x00000007a0000000, 0x00000007a9100000, 0x00000007c0000000)
  eden space 75776K, 0% used [0x00000007a0000000,0x00000007a0000000,0x00000007a4a00000)
  from space 18432K, 99% used [0x00000007a4a00000,0x00000007a5bf9940,0x00000007a5c00000)
  to   space 23552K, 0% used [0x00000007a7a00000,0x00000007a7a00000,0x00000007a9100000)
 ParOldGen       total 112128K, used 23397K [0x0000000760000000, 0x0000000766d80000, 0x00000007a0000000)
  object space 112128K, 20% used [0x0000000760000000,0x00000007616d9520,0x0000000766d80000)
 Metaspace       used 52008K, capacity 53024K, committed 53544K, reserved 1095680K
  class space    used 6393K, capacity 6665K, committed 6696K, reserved 1048576K
}
Event: 3605.446 GC heap before
{Heap before GC invocations=13 (full 3):
 PSYoungGen      total 94208K, used 20693K [0x00000007a0000000, 0x00000007a9100000, 0x00000007c0000000)
  eden space 75776K, 3% used [0x00000007a0000000,0x00000007a023bc58,0x00000007a4a00000)
  from space 18432K, 99% used [0x00000007a4a00000,0x00000007a5bf9940,0x00000007a5c00000)
  to   space 23552K, 0% used [0x00000007a7a00000,0x00000007a7a00000,0x00000007a9100000)
 ParOldGen       total 112128K, used 23397K [0x0000000760000000, 0x0000000766d80000, 0x00000007a0000000)
  object space 112128K, 20% used [0x0000000760000000,0x00000007616d9520,0x0000000766d80000)
 Metaspace       used 52012K, capacity 53024K, committed 53544K, reserved 1095680K
  class space    used 6393K, capacity 6665K, committed 6696K, reserved 1048576K
Event: 3605.536 GC heap after
Heap after GC invocations=13 (full 3):
 PSYoungGen      total 123904K, used 17250K [0x00000007a0000000, 0x00000007a9300000, 0x00000007c0000000)
  eden space 100352K, 0% used [0x00000007a0000000,0x00000007a0000000,0x00000007a6200000)
  from space 23552K, 73% used [0x00000007a7a00000,0x00000007a8ad8810,0x00000007a9100000)
  to   space 24576K, 0% used [0x00000007a6200000,0x00000007a6200000,0x00000007a7a00000)
 ParOldGen       total 112128K, used 23405K [0x0000000760000000, 0x0000000766d80000, 0x00000007a0000000)
  object space 112128K, 20% used [0x0000000760000000,0x00000007616db520,0x0000000766d80000)
 Metaspace       used 52012K, capacity 53024K, committed 53544K, reserved 1095680K
  class space    used 6393K, capacity 6665K, committed 6696K, reserved 1048576K
}
Event: 3605.537 GC heap before
{Heap before GC invocations=14 (full 4):
 PSYoungGen      total 123904K, used 17250K [0x00000007a0000000, 0x00000007a9300000, 0x00000007c0000000)
  eden space 100352K, 0% used [0x00000007a0000000,0x00000007a0000000,0x00000007a6200000)
  from space 23552K, 73% used [0x00000007a7a00000,0x00000007a8ad8810,0x00000007a9100000)
  to   space 24576K, 0% used [0x00000007a6200000,0x00000007a6200000,0x00000007a7a00000)
 ParOldGen       total 112128K, used 23405K [0x0000000760000000, 0x0000000766d80000, 0x00000007a0000000)
  object space 112128K, 20% used [0x0000000760000000,0x00000007616db520,0x0000000766d80000)
 Metaspace       used 52012K, capacity 53024K, committed 53544K, reserved 1095680K
  class space    used 6393K, capacity 6665K, committed 6696K, reserved 1048576K
Event: 3606.175 GC heap after
Heap after GC invocations=14 (full 4):
 PSYoungGen      total 123904K, used 0K [0x00000007a0000000, 0x00000007a9300000, 0x00000007c0000000)
  eden space 100352K, 0% used [0x00000007a0000000,0x00000007a0000000,0x00000007a6200000)
  from space 23552K, 0% used [0x00000007a7a00000,0x00000007a7a00000,0x00000007a9100000)
  to   space 24576K, 0% used [0x00000007a6200000,0x00000007a6200000,0x00000007a7a00000)
 ParOldGen       total 112128K, used 12519K [0x0000000760000000, 0x0000000766d80000, 0x00000007a0000000)
  object space 112128K, 11% used [0x0000000760000000,0x0000000760c39de0,0x0000000766d80000)
 Metaspace       used 51553K, capacity 52408K, committed 53544K, reserved 1095680K
  class space    used 6326K, capacity 6553K, committed 6696K, reserved 1048576K
}

